[ 2017-12-16T20:34:30+08:00 ][ info ] [ BEHAVIOR ] Run Closure @app_init [ RunTime:0.000079s ]
[ info ] [ LOG ] INIT File
[ 2017-12-16T20:34:30+08:00 ][ info ] [ CACHE ] INIT File
[ 2017-12-16T20:34:30+08:00 ][ info ] [ BEHAVIOR ] Run Closure @app_init [ RunTime:0.000708s ]
[ 2017-12-16T20:36:45+08:00 ][ info ] [ BEHAVIOR ] Run Closure @app_init [ RunTime:0.000070s ]
[ info ] [ LOG ] INIT File
[ 2017-12-16T20:36:45+08:00 ][ info ] [ CACHE ] INIT File
[ 2017-12-16T20:36:45+08:00 ][ info ] [ BEHAVIOR ] Run Closure @app_init [ RunTime:0.000623s ]
[ 2017-12-16T20:36:45+08:00 ][ info ] [ DB ] INIT mysql
[ 2017-12-16T20:36:45+08:00 ][ sql ] [ DB ] CONNECT:[ UseTime:0.000298s ] mysql:dbname=fastadmin;host=localhost;charset=utf8
[ 2017-12-16T20:36:45+08:00 ][ sql ] [ SQL ] SHOW TABLE STATUS LIKE 'users' [ RunTime:0.000451s ]
[ 2017-12-16T20:36:45+08:00 ][ sql ] [ SQL ] SHOW TABLE STATUS LIKE 'sy_users' [ RunTime:0.000399s ]
[ 2017-12-16T20:36:45+08:00 ][ sql ] [ SQL ] SELECT * FROM `information_schema`.`columns` WHERE TABLE_SCHEMA = 'fastadmin' AND table_name = 'sy_users' ORDER BY ORDINAL_POSITION [ RunTime:0.000697s ]
[ 2017-12-16T20:37:06+08:00 ][ info ] [ BEHAVIOR ] Run Closure @app_init [ RunTime:0.000068s ]
[ info ] [ LOG ] INIT File
[ 2017-12-16T20:37:06+08:00 ][ info ] [ CACHE ] INIT File
[ 2017-12-16T20:37:06+08:00 ][ info ] [ BEHAVIOR ] Run Closure @app_init [ RunTime:0.000681s ]
[ 2017-12-16T20:37:06+08:00 ][ info ] [ DB ] INIT mysql
[ 2017-12-16T20:37:06+08:00 ][ sql ] [ DB ] CONNECT:[ UseTime:0.000233s ] mysql:dbname=fastadmin;host=localhost;charset=utf8
[ 2017-12-16T20:37:06+08:00 ][ sql ] [ SQL ] SHOW TABLE STATUS LIKE 'users' [ RunTime:0.000523s ]
[ 2017-12-16T20:37:06+08:00 ][ sql ] [ SQL ] SHOW TABLE STATUS LIKE 'sy_users' [ RunTime:0.000474s ]
[ 2017-12-16T20:37:17+08:00 ][ info ] [ BEHAVIOR ] Run Closure @app_init [ RunTime:0.000067s ]
[ info ] [ LOG ] INIT File
[ 2017-12-16T20:37:17+08:00 ][ info ] [ CACHE ] INIT File
[ 2017-12-16T20:37:17+08:00 ][ info ] [ BEHAVIOR ] Run Closure @app_init [ RunTime:0.000617s ]
[ 2017-12-16T20:37:17+08:00 ][ info ] [ DB ] INIT mysql
[ 2017-12-16T20:37:17+08:00 ][ sql ] [ DB ] CONNECT:[ UseTime:0.000221s ] mysql:dbname=fastadmin;host=localhost;charset=utf8
[ 2017-12-16T20:37:17+08:00 ][ sql ] [ SQL ] SHOW TABLE STATUS LIKE 'users' [ RunTime:0.000441s ]
[ 2017-12-16T20:37:17+08:00 ][ sql ] [ SQL ] SHOW TABLE STATUS LIKE 'sy_users' [ RunTime:0.000408s ]
[ 2017-12-16T20:37:17+08:00 ][ sql ] [ SQL ] SELECT * FROM `information_schema`.`columns` WHERE TABLE_SCHEMA = 'fastadmin' AND table_name = 'sy_users' ORDER BY ORDINAL_POSITION [ RunTime:0.000754s ]
[ 2017-12-16T20:37:22+08:00 ][ info ] [ BEHAVIOR ] Run Closure @app_init [ RunTime:0.000073s ]
[ info ] [ LOG ] INIT File
[ 2017-12-16T20:37:22+08:00 ][ info ] [ CACHE ] INIT File
[ 2017-12-16T20:37:22+08:00 ][ info ] [ BEHAVIOR ] Run Closure @app_init [ RunTime:0.000835s ]
[ 2017-12-16T20:37:22+08:00 ][ info ] [ DB ] INIT mysql
[ 2017-12-16T20:37:22+08:00 ][ sql ] [ DB ] CONNECT:[ UseTime:0.000251s ] mysql:dbname=fastadmin;host=localhost;charset=utf8
[ 2017-12-16T20:37:22+08:00 ][ sql ] [ SQL ] SHOW TABLE STATUS LIKE 'users' [ RunTime:0.000426s ]
[ 2017-12-16T20:37:22+08:00 ][ sql ] [ SQL ] SHOW TABLE STATUS LIKE 'sy_users' [ RunTime:0.000474s ]
[ 2017-12-16T20:42:50+08:00 ][ info ] [ BEHAVIOR ] Run Closure @app_init [ RunTime:0.000083s ]
[ info ] [ LOG ] INIT File
[ 2017-12-16T20:42:50+08:00 ][ info ] [ CACHE ] INIT File
[ 2017-12-16T20:42:50+08:00 ][ info ] [ BEHAVIOR ] Run Closure @app_init [ RunTime:0.001157s ]
[ 2017-12-16T20:42:50+08:00 ][ info ] [ DB ] INIT mysql
[ 2017-12-16T20:42:50+08:00 ][ sql ] [ DB ] CONNECT:[ UseTime:0.000339s ] mysql:dbname=fastadmin;host=localhost;charset=utf8
[ 2017-12-16T20:42:50+08:00 ][ sql ] [ SQL ] SHOW TABLE STATUS LIKE 'users' [ RunTime:0.000656s ]
[ 2017-12-16T20:42:50+08:00 ][ sql ] [ SQL ] SHOW TABLE STATUS LIKE 'sy_users' [ RunTime:0.000651s ]
[ 2017-12-16T20:42:58+08:00 ][ info ] [ BEHAVIOR ] Run Closure @app_init [ RunTime:0.000096s ]
[ info ] [ LOG ] INIT File
[ 2017-12-16T20:42:58+08:00 ][ info ] [ CACHE ] INIT File
[ 2017-12-16T20:42:58+08:00 ][ info ] [ BEHAVIOR ] Run Closure @app_init [ RunTime:0.000981s ]
[ 2017-12-16T20:42:58+08:00 ][ info ] [ DB ] INIT mysql
[ 2017-12-16T20:42:58+08:00 ][ sql ] [ DB ] CONNECT:[ UseTime:0.001758s ] mysql:dbname=fastadmin;host=localhost;charset=utf8
[ 2017-12-16T20:42:58+08:00 ][ sql ] [ SQL ] SHOW TABLE STATUS LIKE 'users' [ RunTime:0.000935s ]
[ 2017-12-16T20:42:58+08:00 ][ sql ] [ SQL ] SHOW TABLE STATUS LIKE 'sy_users' [ RunTime:0.000674s ]
[ 2017-12-16T20:42:58+08:00 ][ sql ] [ SQL ] SELECT * FROM `information_schema`.`columns` WHERE TABLE_SCHEMA = 'fastadmin' AND table_name = 'sy_users' ORDER BY ORDINAL_POSITION [ RunTime:0.001150s ]
[ 2017-12-16T20:43:47+08:00 ][ info ] [ BEHAVIOR ] Run Closure @app_init [ RunTime:0.000084s ]
[ info ] [ LOG ] INIT File
[ 2017-12-16T20:43:47+08:00 ][ info ] [ CACHE ] INIT File
[ 2017-12-16T20:43:47+08:00 ][ info ] [ BEHAVIOR ] Run Closure @app_init [ RunTime:0.000662s ]
[ 2017-12-16T20:43:47+08:00 ][ info ] [ DB ] INIT mysql
[ 2017-12-16T20:43:47+08:00 ][ sql ] [ DB ] CONNECT:[ UseTime:0.001555s ] mysql:dbname=fastadmin;host=localhost;charset=utf8
[ 2017-12-16T20:43:47+08:00 ][ sql ] [ SQL ] SHOW TABLE STATUS LIKE 'users' [ RunTime:0.001583s ]
[ 2017-12-16T20:43:47+08:00 ][ sql ] [ SQL ] SHOW TABLE STATUS LIKE 'sy_users' [ RunTime:0.000934s ]
[ 2017-12-16T20:45:49+08:00 ][ info ] [ BEHAVIOR ] Run Closure @app_init [ RunTime:0.000095s ]
[ info ] [ LOG ] INIT File
[ 2017-12-16T20:45:49+08:00 ][ info ] [ CACHE ] INIT File
[ 2017-12-16T20:45:49+08:00 ][ info ] [ BEHAVIOR ] Run Closure @app_init [ RunTime:0.000629s ]
[ 2017-12-16T20:45:49+08:00 ][ info ] [ DB ] INIT mysql
[ 2017-12-16T20:45:49+08:00 ][ sql ] [ DB ] CONNECT:[ UseTime:0.000251s ] mysql:dbname=fastadmin;host=localhost;charset=utf8
[ 2017-12-16T20:45:49+08:00 ][ sql ] [ SQL ] SHOW TABLE STATUS LIKE 'users' [ RunTime:0.000437s ]
[ 2017-12-16T20:45:49+08:00 ][ sql ] [ SQL ] SHOW TABLE STATUS LIKE 'sy_users' [ RunTime:0.000364s ]
[ 2017-12-16T20:46:31+08:00 ][ info ] [ BEHAVIOR ] Run Closure @app_init [ RunTime:0.000078s ]
[ info ] [ LOG ] INIT File
[ 2017-12-16T20:46:31+08:00 ][ info ] [ CACHE ] INIT File
[ 2017-12-16T20:46:31+08:00 ][ info ] [ BEHAVIOR ] Run Closure @app_init [ RunTime:0.000689s ]
[ 2017-12-16T20:46:31+08:00 ][ info ] [ DB ] INIT mysql
[ 2017-12-16T20:46:31+08:00 ][ sql ] [ DB ] CONNECT:[ UseTime:0.000228s ] mysql:dbname=fastadmin;host=localhost;charset=utf8
[ 2017-12-16T20:46:31+08:00 ][ sql ] [ SQL ] SHOW TABLE STATUS LIKE 'users' [ RunTime:0.000497s ]
[ 2017-12-16T20:46:31+08:00 ][ sql ] [ SQL ] SHOW TABLE STATUS LIKE 'sy_users' [ RunTime:0.000384s ]
[ 2017-12-16T20:46:31+08:00 ][ sql ] [ SQL ] SELECT * FROM `information_schema`.`columns` WHERE TABLE_SCHEMA = 'fastadmin' AND table_name = 'sy_users' ORDER BY ORDINAL_POSITION [ RunTime:0.000803s ]
[ 2017-12-16T20:47:51+08:00 ][ info ] [ BEHAVIOR ] Run Closure @app_init [ RunTime:0.000069s ]
[ info ] [ LOG ] INIT File
[ 2017-12-16T20:47:51+08:00 ][ info ] [ CACHE ] INIT File
[ 2017-12-16T20:47:51+08:00 ][ info ] [ BEHAVIOR ] Run Closure @app_init [ RunTime:0.000609s ]
[ 2017-12-16T20:47:51+08:00 ][ info ] [ DB ] INIT mysql
[ 2017-12-16T20:47:51+08:00 ][ sql ] [ DB ] CONNECT:[ UseTime:0.000283s ] mysql:dbname=fastadmin;host=localhost;charset=utf8
[ 2017-12-16T20:47:51+08:00 ][ sql ] [ SQL ] SHOW TABLE STATUS LIKE 'users' [ RunTime:0.000444s ]
[ 2017-12-16T20:47:51+08:00 ][ sql ] [ SQL ] SHOW TABLE STATUS LIKE 'sy_users' [ RunTime:0.000372s ]
[ 2017-12-16T20:47:53+08:00 ][ info ] [ BEHAVIOR ] Run Closure @app_init [ RunTime:0.000072s ]
[ info ] [ LOG ] INIT File
[ 2017-12-16T20:47:53+08:00 ][ info ] [ CACHE ] INIT File
[ 2017-12-16T20:47:53+08:00 ][ info ] [ BEHAVIOR ] Run Closure @app_init [ RunTime:0.000626s ]
[ 2017-12-16T20:47:53+08:00 ][ info ] [ DB ] INIT mysql
[ 2017-12-16T20:47:53+08:00 ][ sql ] [ DB ] CONNECT:[ UseTime:0.000286s ] mysql:dbname=fastadmin;host=localhost;charset=utf8
[ 2017-12-16T20:47:53+08:00 ][ sql ] [ SQL ] SHOW TABLE STATUS LIKE 'users' [ RunTime:0.000591s ]
[ 2017-12-16T20:47:53+08:00 ][ sql ] [ SQL ] SHOW TABLE STATUS LIKE 'sy_users' [ RunTime:0.000401s ]
[ 2017-12-16T20:47:54+08:00 ][ info ] [ BEHAVIOR ] Run Closure @app_init [ RunTime:0.000082s ]
[ info ] [ LOG ] INIT File
[ 2017-12-16T20:47:54+08:00 ][ info ] [ CACHE ] INIT File
[ 2017-12-16T20:47:54+08:00 ][ info ] [ BEHAVIOR ] Run Closure @app_init [ RunTime:0.001160s ]
[ 2017-12-16T20:47:54+08:00 ][ info ] [ DB ] INIT mysql
[ 2017-12-16T20:47:54+08:00 ][ sql ] [ DB ] CONNECT:[ UseTime:0.000255s ] mysql:dbname=fastadmin;host=localhost;charset=utf8
[ 2017-12-16T20:47:54+08:00 ][ sql ] [ SQL ] SHOW TABLE STATUS LIKE 'users' [ RunTime:0.000441s ]
[ 2017-12-16T20:47:54+08:00 ][ sql ] [ SQL ] SHOW TABLE STATUS LIKE 'sy_users' [ RunTime:0.000393s ]
[ 2017-12-16T20:48:14+08:00 ][ info ] [ BEHAVIOR ] Run Closure @app_init [ RunTime:0.000118s ]
[ info ] [ LOG ] INIT File
[ 2017-12-16T20:48:14+08:00 ][ info ] [ CACHE ] INIT File
[ 2017-12-16T20:48:14+08:00 ][ info ] [ BEHAVIOR ] Run Closure @app_init [ RunTime:0.001113s ]
[ 2017-12-16T20:48:14+08:00 ][ info ] [ DB ] INIT mysql
[ 2017-12-16T20:48:14+08:00 ][ sql ] [ DB ] CONNECT:[ UseTime:0.000287s ] mysql:dbname=fastadmin;host=localhost;charset=utf8
[ 2017-12-16T20:48:14+08:00 ][ sql ] [ SQL ] SHOW TABLE STATUS LIKE 'users' [ RunTime:0.000603s ]
[ 2017-12-16T20:48:14+08:00 ][ sql ] [ SQL ] SHOW TABLE STATUS LIKE 'sy_users' [ RunTime:0.000532s ]
[ 2017-12-16T20:48:36+08:00 ][ info ] [ BEHAVIOR ] Run Closure @app_init [ RunTime:0.000078s ]
[ info ] [ LOG ] INIT File
[ 2017-12-16T20:48:36+08:00 ][ info ] [ CACHE ] INIT File
[ 2017-12-16T20:48:36+08:00 ][ info ] [ BEHAVIOR ] Run Closure @app_init [ RunTime:0.000637s ]
[ 2017-12-16T20:48:37+08:00 ][ info ] [ DB ] INIT mysql
[ 2017-12-16T20:48:37+08:00 ][ sql ] [ DB ] CONNECT:[ UseTime:0.000294s ] mysql:dbname=fastadmin;host=localhost;charset=utf8
[ 2017-12-16T20:48:37+08:00 ][ sql ] [ SQL ] SHOW TABLE STATUS LIKE 'users' [ RunTime:0.000473s ]
[ 2017-12-16T20:48:37+08:00 ][ sql ] [ SQL ] SHOW TABLE STATUS LIKE 'sy_users' [ RunTime:0.000597s ]
[ 2017-12-16T20:48:37+08:00 ][ sql ] [ SQL ] SELECT * FROM `information_schema`.`columns` WHERE TABLE_SCHEMA = 'fastadmin' AND table_name = 'sy_users' ORDER BY ORDINAL_POSITION [ RunTime:0.000845s ]
[ 2017-12-16T20:51:58+08:00 ][ info ] [ BEHAVIOR ] Run Closure @app_init [ RunTime:0.000083s ]
[ info ] [ LOG ] INIT File
[ 2017-12-16T20:51:58+08:00 ][ info ] [ CACHE ] INIT File
[ 2017-12-16T20:51:58+08:00 ][ info ] [ BEHAVIOR ] Run Closure @app_init [ RunTime:0.000621s ]
[ 2017-12-16T20:51:58+08:00 ][ info ] [ DB ] INIT mysql
[ 2017-12-16T20:51:58+08:00 ][ sql ] [ DB ] CONNECT:[ UseTime:0.000279s ] mysql:dbname=fastadmin;host=localhost;charset=utf8
[ 2017-12-16T20:51:58+08:00 ][ sql ] [ SQL ] SHOW TABLE STATUS LIKE 'users' [ RunTime:0.000430s ]
[ 2017-12-16T20:51:58+08:00 ][ sql ] [ SQL ] SHOW TABLE STATUS LIKE 'sy_users' [ RunTime:0.000392s ]
[ 2017-12-16T20:52:04+08:00 ][ info ] [ BEHAVIOR ] Run Closure @app_init [ RunTime:0.000073s ]
[ info ] [ LOG ] INIT File
[ 2017-12-16T20:52:04+08:00 ][ info ] [ CACHE ] INIT File
[ 2017-12-16T20:52:04+08:00 ][ info ] [ BEHAVIOR ] Run Closure @app_init [ RunTime:0.000640s ]
[ 2017-12-16T20:52:04+08:00 ][ info ] [ DB ] INIT mysql
[ 2017-12-16T20:52:04+08:00 ][ sql ] [ DB ] CONNECT:[ UseTime:0.000304s ] mysql:dbname=fastadmin;host=localhost;charset=utf8
[ 2017-12-16T20:52:04+08:00 ][ sql ] [ SQL ] SHOW TABLE STATUS LIKE 'users' [ RunTime:0.000479s ]
[ 2017-12-16T20:52:04+08:00 ][ sql ] [ SQL ] SHOW TABLE STATUS LIKE 'sy_users' [ RunTime:0.000497s ]
[ 2017-12-16T20:52:04+08:00 ][ sql ] [ SQL ] SELECT * FROM `information_schema`.`columns` WHERE TABLE_SCHEMA = 'fastadmin' AND table_name = 'sy_users' ORDER BY ORDINAL_POSITION [ RunTime:0.000702s ]
[ 2017-12-16T20:53:37+08:00 ][ info ] [ BEHAVIOR ] Run Closure @app_init [ RunTime:0.000228s ]
[ info ] [ LOG ] INIT File
[ 2017-12-16T20:53:37+08:00 ][ info ] [ CACHE ] INIT File
[ 2017-12-16T20:53:37+08:00 ][ info ] [ BEHAVIOR ] Run Closure @app_init [ RunTime:0.001008s ]
[ 2017-12-16T20:53:37+08:00 ][ info ] [ DB ] INIT mysql
[ 2017-12-16T20:53:37+08:00 ][ sql ] [ DB ] CONNECT:[ UseTime:0.000329s ] mysql:dbname=fastadmin;host=localhost;charset=utf8
[ 2017-12-16T20:53:37+08:00 ][ sql ] [ SQL ] SHOW TABLE STATUS LIKE 'users' [ RunTime:0.000438s ]
[ 2017-12-16T20:53:37+08:00 ][ sql ] [ SQL ] SHOW TABLE STATUS LIKE 'sy_users' [ RunTime:0.000386s ]
[ 2017-12-16T20:53:37+08:00 ][ sql ] [ SQL ] SELECT * FROM `information_schema`.`columns` WHERE TABLE_SCHEMA = 'fastadmin' AND table_name = 'sy_users' ORDER BY ORDINAL_POSITION [ RunTime:0.000652s ]
[ 2017-12-16T20:54:17+08:00 ][ info ] [ BEHAVIOR ] Run Closure @app_init [ RunTime:0.000070s ]
[ info ] [ LOG ] INIT File
[ 2017-12-16T20:54:17+08:00 ][ info ] [ CACHE ] INIT File
[ 2017-12-16T20:54:17+08:00 ][ info ] [ BEHAVIOR ] Run Closure @app_init [ RunTime:0.000623s ]
[ 2017-12-16T20:54:17+08:00 ][ info ] [ DB ] INIT mysql
[ 2017-12-16T20:54:17+08:00 ][ sql ] [ DB ] CONNECT:[ UseTime:0.000278s ] mysql:dbname=fastadmin;host=localhost;charset=utf8
[ 2017-12-16T20:54:17+08:00 ][ sql ] [ SQL ] SHOW TABLE STATUS LIKE 'groups' [ RunTime:0.000435s ]
[ 2017-12-16T20:54:17+08:00 ][ sql ] [ SQL ] SHOW TABLE STATUS LIKE 'sy_groups' [ RunTime:0.000533s ]
[ 2017-12-16T20:54:17+08:00 ][ sql ] [ SQL ] SELECT * FROM `information_schema`.`columns` WHERE TABLE_SCHEMA = 'fastadmin' AND table_name = 'sy_groups' ORDER BY ORDINAL_POSITION [ RunTime:0.000590s ]
[ 2017-12-16T20:54:32+08:00 ][ info ] [ BEHAVIOR ] Run Closure @app_init [ RunTime:0.000071s ]
[ info ] [ LOG ] INIT File
[ 2017-12-16T20:54:32+08:00 ][ info ] [ CACHE ] INIT File
[ 2017-12-16T20:54:32+08:00 ][ info ] [ BEHAVIOR ] Run Closure @app_init [ RunTime:0.000618s ]
[ 2017-12-16T20:54:32+08:00 ][ info ] [ DB ] INIT mysql
[ 2017-12-16T20:54:32+08:00 ][ sql ] [ DB ] CONNECT:[ UseTime:0.000356s ] mysql:dbname=fastadmin;host=localhost;charset=utf8
[ 2017-12-16T20:54:32+08:00 ][ sql ] [ SQL ] SHOW TABLE STATUS LIKE 'groups' [ RunTime:0.000559s ]
[ 2017-12-16T20:54:32+08:00 ][ sql ] [ SQL ] SHOW TABLE STATUS LIKE 'sy_groups' [ RunTime:0.000363s ]
[ 2017-12-16T20:54:32+08:00 ][ sql ] [ SQL ] SELECT * FROM `information_schema`.`columns` WHERE TABLE_SCHEMA = 'fastadmin' AND table_name = 'sy_groups' ORDER BY ORDINAL_POSITION [ RunTime:0.000539s ]
[ 2017-12-16T20:56:05+08:00 ][ info ] [ BEHAVIOR ] Run Closure @app_init [ RunTime:0.000072s ]
[ info ] [ LOG ] INIT File
[ 2017-12-16T20:56:05+08:00 ][ info ] [ CACHE ] INIT File
[ 2017-12-16T20:56:05+08:00 ][ info ] [ BEHAVIOR ] Run Closure @app_init [ RunTime:0.000629s ]
[ 2017-12-16T20:56:05+08:00 ][ info ] [ DB ] INIT mysql
[ 2017-12-16T20:56:05+08:00 ][ sql ] [ DB ] CONNECT:[ UseTime:0.000236s ] mysql:dbname=fastadmin;host=localhost;charset=utf8
[ 2017-12-16T20:56:05+08:00 ][ sql ] [ SQL ] SHOW TABLE STATUS LIKE 'groups' [ RunTime:0.000435s ]
[ 2017-12-16T20:56:05+08:00 ][ sql ] [ SQL ] SHOW TABLE STATUS LIKE 'sy_groups' [ RunTime:0.000411s ]
[ 2017-12-16T20:56:10+08:00 ][ info ] [ BEHAVIOR ] Run Closure @app_init [ RunTime:0.000080s ]
[ info ] [ LOG ] INIT File
[ 2017-12-16T20:56:10+08:00 ][ info ] [ CACHE ] INIT File
[ 2017-12-16T20:56:10+08:00 ][ info ] [ BEHAVIOR ] Run Closure @app_init [ RunTime:0.000660s ]
[ 2017-12-16T20:56:10+08:00 ][ info ] [ DB ] INIT mysql
[ 2017-12-16T20:56:10+08:00 ][ sql ] [ DB ] CONNECT:[ UseTime:0.000229s ] mysql:dbname=fastadmin;host=localhost;charset=utf8
[ 2017-12-16T20:56:10+08:00 ][ sql ] [ SQL ] SHOW TABLE STATUS LIKE 'groups' [ RunTime:0.000406s ]
[ 2017-12-16T20:56:10+08:00 ][ sql ] [ SQL ] SHOW TABLE STATUS LIKE 'sy_groups' [ RunTime:0.000358s ]
[ 2017-12-16T20:56:10+08:00 ][ sql ] [ SQL ] SELECT * FROM `information_schema`.`columns` WHERE TABLE_SCHEMA = 'fastadmin' AND table_name = 'sy_groups' ORDER BY ORDINAL_POSITION [ RunTime:0.000555s ]
[ 2017-12-16T20:56:32+08:00 ][ info ] [ BEHAVIOR ] Run Closure @app_init [ RunTime:0.000073s ]
[ info ] [ LOG ] INIT File
[ 2017-12-16T20:56:32+08:00 ][ info ] [ CACHE ] INIT File
[ 2017-12-16T20:56:32+08:00 ][ info ] [ BEHAVIOR ] Run Closure @app_init [ RunTime:0.000615s ]
[ 2017-12-16T20:56:32+08:00 ][ info ] [ DB ] INIT mysql
[ 2017-12-16T20:56:32+08:00 ][ sql ] [ DB ] CONNECT:[ UseTime:0.000232s ] mysql:dbname=fastadmin;host=localhost;charset=utf8
[ 2017-12-16T20:56:32+08:00 ][ sql ] [ SQL ] SHOW TABLE STATUS LIKE 'groups' [ RunTime:0.000424s ]
[ 2017-12-16T20:56:32+08:00 ][ sql ] [ SQL ] SHOW TABLE STATUS LIKE 'sy_groups' [ RunTime:0.000390s ]
[ 2017-12-16T20:56:32+08:00 ][ sql ] [ SQL ] SELECT * FROM `information_schema`.`columns` WHERE TABLE_SCHEMA = 'fastadmin' AND table_name = 'sy_groups' ORDER BY ORDINAL_POSITION [ RunTime:0.000521s ]
[ 2017-12-16T20:56:46+08:00 ][ info ] [ BEHAVIOR ] Run Closure @app_init [ RunTime:0.000102s ]
[ info ] [ LOG ] INIT File
[ 2017-12-16T20:56:46+08:00 ][ info ] [ CACHE ] INIT File
[ 2017-12-16T20:56:46+08:00 ][ info ] [ BEHAVIOR ] Run Closure @app_init [ RunTime:0.001316s ]
[ 2017-12-16T20:56:46+08:00 ][ info ] [ DB ] INIT mysql
[ 2017-12-16T20:56:46+08:00 ][ sql ] [ DB ] CONNECT:[ UseTime:0.000238s ] mysql:dbname=fastadmin;host=localhost;charset=utf8
[ 2017-12-16T20:56:46+08:00 ][ sql ] [ SQL ] SHOW TABLE STATUS LIKE 'groups' [ RunTime:0.000456s ]
[ 2017-12-16T20:56:46+08:00 ][ sql ] [ SQL ] SHOW TABLE STATUS LIKE 'sy_groups' [ RunTime:0.000378s ]
[ 2017-12-16T20:56:46+08:00 ][ sql ] [ SQL ] SELECT * FROM `information_schema`.`columns` WHERE TABLE_SCHEMA = 'fastadmin' AND table_name = 'sy_groups' ORDER BY ORDINAL_POSITION [ RunTime:0.000653s ]
[ 2017-12-16T20:58:37+08:00 ][ info ] [ BEHAVIOR ] Run Closure @app_init [ RunTime:0.000095s ]
[ info ] [ LOG ] INIT File
[ 2017-12-16T20:58:37+08:00 ][ info ] [ CACHE ] INIT File
[ 2017-12-16T20:58:37+08:00 ][ info ] [ BEHAVIOR ] Run Closure @app_init [ RunTime:0.000837s ]
[ 2017-12-16T20:58:37+08:00 ][ info ] [ DB ] INIT mysql
[ 2017-12-16T20:58:37+08:00 ][ sql ] [ DB ] CONNECT:[ UseTime:0.000259s ] mysql:dbname=fastadmin;host=localhost;charset=utf8
[ 2017-12-16T20:58:37+08:00 ][ sql ] [ SQL ] SHOW TABLE STATUS LIKE 'groups' [ RunTime:0.000448s ]
[ 2017-12-16T20:58:37+08:00 ][ sql ] [ SQL ] SHOW TABLE STATUS LIKE 'sy_groups' [ RunTime:0.000389s ]
[ 2017-12-16T20:58:37+08:00 ][ sql ] [ SQL ] SELECT * FROM `information_schema`.`columns` WHERE TABLE_SCHEMA = 'fastadmin' AND table_name = 'sy_groups' ORDER BY ORDINAL_POSITION [ RunTime:0.000579s ]
[ 2017-12-16T20:59:16+08:00 ][ info ] [ BEHAVIOR ] Run Closure @app_init [ RunTime:0.000153s ]
[ info ] [ LOG ] INIT File
[ 2017-12-16T20:59:16+08:00 ][ info ] [ CACHE ] INIT File
[ 2017-12-16T20:59:16+08:00 ][ info ] [ BEHAVIOR ] Run Closure @app_init [ RunTime:0.001225s ]
[ 2017-12-16T20:59:16+08:00 ][ error ] [0]Parse error: syntax error, unexpected ')'[/home/www/TPIOT/application/admin/command/Crud.php:895]
[ 2017-12-16T20:59:18+08:00 ][ info ] [ BEHAVIOR ] Run Closure @app_init [ RunTime:0.000067s ]
[ info ] [ LOG ] INIT File
[ 2017-12-16T20:59:18+08:00 ][ info ] [ CACHE ] INIT File
[ 2017-12-16T20:59:18+08:00 ][ info ] [ BEHAVIOR ] Run Closure @app_init [ RunTime:0.000706s ]
[ 2017-12-16T20:59:18+08:00 ][ error ] [0]Parse error: syntax error, unexpected ')'[/home/www/TPIOT/application/admin/command/Crud.php:895]
[ 2017-12-16T20:59:45+08:00 ][ info ] [ BEHAVIOR ] Run Closure @app_init [ RunTime:0.000213s ]
[ info ] [ LOG ] INIT File
[ 2017-12-16T20:59:45+08:00 ][ info ] [ CACHE ] INIT File
[ 2017-12-16T20:59:45+08:00 ][ info ] [ BEHAVIOR ] Run Closure @app_init [ RunTime:0.000724s ]
[ 2017-12-16T20:59:45+08:00 ][ info ] [ DB ] INIT mysql
[ 2017-12-16T20:59:45+08:00 ][ sql ] [ DB ] CONNECT:[ UseTime:0.000276s ] mysql:dbname=fastadmin;host=localhost;charset=utf8
[ 2017-12-16T20:59:45+08:00 ][ sql ] [ SQL ] SHOW TABLE STATUS LIKE 'groups' [ RunTime:0.000466s ]
[ 2017-12-16T20:59:45+08:00 ][ sql ] [ SQL ] SHOW TABLE STATUS LIKE 'sy_groups' [ RunTime:0.000347s ]
[ 2017-12-16T20:59:45+08:00 ][ sql ] [ SQL ] SELECT * FROM `information_schema`.`columns` WHERE TABLE_SCHEMA = 'fastadmin' AND table_name = 'sy_groups' ORDER BY ORDINAL_POSITION [ RunTime:0.000645s ]
[ 2017-12-16T21:01:14+08:00 ][ info ] [ BEHAVIOR ] Run Closure @app_init [ RunTime:0.000071s ]
[ info ] [ LOG ] INIT File
[ 2017-12-16T21:01:14+08:00 ][ info ] [ CACHE ] INIT File
[ 2017-12-16T21:01:14+08:00 ][ info ] [ BEHAVIOR ] Run Closure @app_init [ RunTime:0.000729s ]
[ 2017-12-16T21:01:14+08:00 ][ error ] [0]Parse error: syntax error, unexpected ','[/home/www/TPIOT/application/admin/command/Crud.php:894]
[ 2017-12-16T21:01:23+08:00 ][ info ] [ BEHAVIOR ] Run Closure @app_init [ RunTime:0.000075s ]
[ info ] [ LOG ] INIT File
[ 2017-12-16T21:01:23+08:00 ][ info ] [ CACHE ] INIT File
[ 2017-12-16T21:01:23+08:00 ][ info ] [ BEHAVIOR ] Run Closure @app_init [ RunTime:0.000638s ]
[ 2017-12-16T21:01:23+08:00 ][ error ] [0]Parse error: syntax error, unexpected ','[/home/www/TPIOT/application/admin/command/Crud.php:894]
[ 2017-12-16T21:01:35+08:00 ][ info ] [ BEHAVIOR ] Run Closure @app_init [ RunTime:0.000072s ]
[ info ] [ LOG ] INIT File
[ 2017-12-16T21:01:35+08:00 ][ info ] [ CACHE ] INIT File
[ 2017-12-16T21:01:35+08:00 ][ info ] [ BEHAVIOR ] Run Closure @app_init [ RunTime:0.000679s ]
[ 2017-12-16T21:01:35+08:00 ][ info ] [ DB ] INIT mysql
[ 2017-12-16T21:01:35+08:00 ][ sql ] [ DB ] CONNECT:[ UseTime:0.000242s ] mysql:dbname=fastadmin;host=localhost;charset=utf8
[ 2017-12-16T21:01:35+08:00 ][ sql ] [ SQL ] SHOW TABLE STATUS LIKE 'groups' [ RunTime:0.000456s ]
[ 2017-12-16T21:01:35+08:00 ][ sql ] [ SQL ] SHOW TABLE STATUS LIKE 'sy_groups' [ RunTime:0.000402s ]
[ 2017-12-16T21:01:35+08:00 ][ sql ] [ SQL ] SELECT * FROM `information_schema`.`columns` WHERE TABLE_SCHEMA = 'fastadmin' AND table_name = 'sy_groups' ORDER BY ORDINAL_POSITION [ RunTime:0.000534s ]
[ 2017-12-16T21:01:45+08:00 ][ info ] [ BEHAVIOR ] Run Closure @app_init [ RunTime:0.000087s ]
[ info ] [ LOG ] INIT File
[ 2017-12-16T21:01:45+08:00 ][ info ] [ CACHE ] INIT File
[ 2017-12-16T21:01:45+08:00 ][ info ] [ BEHAVIOR ] Run Closure @app_init [ RunTime:0.000650s ]
[ 2017-12-16T21:01:45+08:00 ][ info ] [ DB ] INIT mysql
[ 2017-12-16T21:01:45+08:00 ][ sql ] [ DB ] CONNECT:[ UseTime:0.000217s ] mysql:dbname=fastadmin;host=localhost;charset=utf8
[ 2017-12-16T21:01:45+08:00 ][ sql ] [ SQL ] SHOW TABLE STATUS LIKE 'users' [ RunTime:0.000408s ]
[ 2017-12-16T21:01:45+08:00 ][ sql ] [ SQL ] SHOW TABLE STATUS LIKE 'sy_users' [ RunTime:0.000332s ]
[ 2017-12-16T21:01:54+08:00 ][ info ] [ BEHAVIOR ] Run Closure @app_init [ RunTime:0.000069s ]
[ info ] [ LOG ] INIT File
[ 2017-12-16T21:01:54+08:00 ][ info ] [ CACHE ] INIT File
[ 2017-12-16T21:01:54+08:00 ][ info ] [ BEHAVIOR ] Run Closure @app_init [ RunTime:0.000621s ]
[ 2017-12-16T21:01:54+08:00 ][ info ] [ DB ] INIT mysql
[ 2017-12-16T21:01:54+08:00 ][ sql ] [ DB ] CONNECT:[ UseTime:0.000254s ] mysql:dbname=fastadmin;host=localhost;charset=utf8
[ 2017-12-16T21:01:54+08:00 ][ sql ] [ SQL ] SHOW TABLE STATUS LIKE 'users' [ RunTime:0.000406s ]
[ 2017-12-16T21:01:54+08:00 ][ sql ] [ SQL ] SHOW TABLE STATUS LIKE 'sy_users' [ RunTime:0.000330s ]
[ 2017-12-16T21:01:54+08:00 ][ sql ] [ SQL ] SELECT * FROM `information_schema`.`columns` WHERE TABLE_SCHEMA = 'fastadmin' AND table_name = 'sy_users' ORDER BY ORDINAL_POSITION [ RunTime:0.000715s ]
[ 2017-12-16T21:04:00+08:00 ][ info ] [ BEHAVIOR ] Run Closure @app_init [ RunTime:0.000068s ]
[ info ] [ LOG ] INIT File
[ 2017-12-16T21:04:00+08:00 ][ info ] [ CACHE ] INIT File
[ 2017-12-16T21:04:00+08:00 ][ info ] [ BEHAVIOR ] Run Closure @app_init [ RunTime:0.000665s ]
[ 2017-12-16T21:04:00+08:00 ][ info ] [ DB ] INIT mysql
[ 2017-12-16T21:04:00+08:00 ][ sql ] [ DB ] CONNECT:[ UseTime:0.000282s ] mysql:dbname=fastadmin;host=localhost;charset=utf8
[ 2017-12-16T21:04:00+08:00 ][ sql ] [ SQL ] SHOW TABLE STATUS LIKE 'users' [ RunTime:0.000526s ]
[ 2017-12-16T21:04:00+08:00 ][ sql ] [ SQL ] SHOW TABLE STATUS LIKE 'sy_users' [ RunTime:0.000411s ]
[ 2017-12-16T21:04:00+08:00 ][ sql ] [ SQL ] SELECT * FROM `information_schema`.`columns` WHERE TABLE_SCHEMA = 'fastadmin' AND table_name = 'sy_users' ORDER BY ORDINAL_POSITION [ RunTime:0.000694s ]
[ 2017-12-16T21:05:06+08:00 ][ info ] [ BEHAVIOR ] Run Closure @app_init [ RunTime:0.000099s ]
[ info ] [ LOG ] INIT File
[ 2017-12-16T21:05:06+08:00 ][ info ] [ CACHE ] INIT File
[ 2017-12-16T21:05:06+08:00 ][ info ] [ BEHAVIOR ] Run Closure @app_init [ RunTime:0.000677s ]
[ 2017-12-16T21:05:06+08:00 ][ info ] [ DB ] INIT mysql
[ 2017-12-16T21:05:06+08:00 ][ sql ] [ DB ] CONNECT:[ UseTime:0.000283s ] mysql:dbname=fastadmin;host=localhost;charset=utf8
[ 2017-12-16T21:05:06+08:00 ][ sql ] [ SQL ] SHOW TABLE STATUS LIKE 'users' [ RunTime:0.000496s ]
[ 2017-12-16T21:05:06+08:00 ][ sql ] [ SQL ] SHOW TABLE STATUS LIKE 'sy_users' [ RunTime:0.000419s ]
[ 2017-12-16T21:05:06+08:00 ][ sql ] [ SQL ] SELECT * FROM `information_schema`.`columns` WHERE TABLE_SCHEMA = 'fastadmin' AND table_name = 'sy_users' ORDER BY ORDINAL_POSITION [ RunTime:0.000687s ]
[ 2017-12-16T21:08:48+08:00 ][ info ] [ BEHAVIOR ] Run Closure @app_init [ RunTime:0.000123s ]
[ info ] [ LOG ] INIT File
[ 2017-12-16T21:08:48+08:00 ][ info ] [ CACHE ] INIT File
[ 2017-12-16T21:08:48+08:00 ][ info ] [ BEHAVIOR ] Run Closure @app_init [ RunTime:0.001507s ]
[ 2017-12-16T21:08:48+08:00 ][ info ] [ DB ] INIT mysql
[ 2017-12-16T21:08:48+08:00 ][ info ] [ LANG ] /home/www/TPIOT/application/admin/lang/zh-cn.php
[ 2017-12-16T21:08:48+08:00 ][ sql ] [ DB ] CONNECT:[ UseTime:0.000272s ] mysql:dbname=fastadmin;host=localhost;charset=utf8
[ 2017-12-16T21:08:48+08:00 ][ sql ] [ SQL ] SHOW COLUMNS FROM `sy_auth_rule` [ RunTime:0.000553s ]
[ 2017-12-16T21:08:48+08:00 ][ sql ] [ SQL ] SELECT * FROM `sy_auth_rule` WHERE  `name` = 'users' LIMIT 1 [ RunTime:0.000171s ]
[ 2017-12-16T21:08:48+08:00 ][ sql ] [ SQL ] INSERT INTO `sy_auth_rule` (`pid` , `name` , `title` , `icon` , `remark` , `ismenu` , `status` , `createtime` , `updatetime`) VALUES (0 , 'users' , 'Users' , 'users\r' , '' , 1 , 'normal' , 1513429728 , 1513429728) [ RunTime:0.076539s ]
[ 2017-12-16T21:08:48+08:00 ][ sql ] [ SQL ] INSERT INTO `sy_auth_rule` (`pid` , `name` , `icon` , `title` , `ismenu` , `status` , `createtime` , `updatetime`) VALUES (67 , 'users/index' , 'fa fa-circle-o' , 'Users' , 0 , 'normal' , 1513429728 , 1513429728) [ RunTime:0.000316s ]
[ 2017-12-16T21:08:48+08:00 ][ sql ] [ SQL ] INSERT INTO `sy_auth_rule` (`pid` , `name` , `icon` , `title` , `ismenu` , `status` , `createtime` , `updatetime`) VALUES (67 , 'users/add' , 'fa fa-circle-o' , 'Users' , 0 , 'normal' , 1513429728 , 1513429728) [ RunTime:0.000097s ]
[ 2017-12-16T21:08:48+08:00 ][ sql ] [ SQL ] INSERT INTO `sy_auth_rule` (`pid` , `name` , `icon` , `title` , `ismenu` , `status` , `createtime` , `updatetime`) VALUES (67 , 'users/edit' , 'fa fa-circle-o' , 'Users' , 0 , 'normal' , 1513429728 , 1513429728) [ RunTime:0.001083s ]
[ 2017-12-16T21:08:48+08:00 ][ sql ] [ SQL ] INSERT INTO `sy_auth_rule` (`pid` , `name` , `icon` , `title` , `ismenu` , `status` , `createtime` , `updatetime`) VALUES (67 , 'users/del' , 'fa fa-circle-o' , 'Users' , 0 , 'normal' , 1513429728 , 1513429728) [ RunTime:0.000086s ]
[ 2017-12-16T21:08:48+08:00 ][ sql ] [ SQL ] INSERT INTO `sy_auth_rule` (`pid` , `name` , `icon` , `title` , `ismenu` , `status` , `createtime` , `updatetime`) VALUES (67 , 'users/multi' , 'fa fa-circle-o' , 'Users' , 0 , 'normal' , 1513429728 , 1513429728) [ RunTime:0.000071s ]
[ 2017-12-16T21:52:36+08:00 ][ info ] [ BEHAVIOR ] Run Closure @app_init [ RunTime:0.000073s ]
[ info ] [ LOG ] INIT File
[ 2017-12-16T21:52:36+08:00 ][ info ] [ CACHE ] INIT File
[ 2017-12-16T21:52:36+08:00 ][ info ] [ BEHAVIOR ] Run Closure @app_init [ RunTime:0.000894s ]
[ 2017-12-16T21:52:36+08:00 ][ info ] [ DB ] INIT mysql
[ 2017-12-16T21:52:36+08:00 ][ sql ] [ DB ] CONNECT:[ UseTime:0.000307s ] mysql:dbname=fastadmin;host=localhost;charset=utf8
[ 2017-12-16T21:52:36+08:00 ][ sql ] [ SQL ] SHOW TABLE STATUS LIKE 'users' [ RunTime:0.000593s ]
[ 2017-12-16T21:52:36+08:00 ][ sql ] [ SQL ] SHOW TABLE STATUS LIKE 'sy_users' [ RunTime:0.000589s ]
[ 2017-12-16T21:55:24+08:00 ][ info ] [ BEHAVIOR ] Run Closure @app_init [ RunTime:0.000074s ]
[ info ] [ LOG ] INIT File
[ 2017-12-16T21:55:24+08:00 ][ info ] [ CACHE ] INIT File
[ 2017-12-16T21:55:24+08:00 ][ info ] [ BEHAVIOR ] Run Closure @app_init [ RunTime:0.000663s ]
[ 2017-12-16T21:55:24+08:00 ][ info ] [ DB ] INIT mysql
[ 2017-12-16T21:55:24+08:00 ][ sql ] [ DB ] CONNECT:[ UseTime:0.000293s ] mysql:dbname=fastadmin;host=localhost;charset=utf8
[ 2017-12-16T21:55:24+08:00 ][ sql ] [ SQL ] SHOW TABLE STATUS LIKE 'user_rank' [ RunTime:0.000459s ]
[ 2017-12-16T21:55:24+08:00 ][ sql ] [ SQL ] SHOW TABLE STATUS LIKE 'sy_user_rank' [ RunTime:0.000389s ]
[ 2017-12-16T21:55:24+08:00 ][ sql ] [ SQL ] SELECT * FROM `information_schema`.`columns` WHERE TABLE_SCHEMA = 'fastadmin' AND table_name = 'sy_user_rank' ORDER BY ORDINAL_POSITION [ RunTime:0.000674s ]
[ 2017-12-16T21:55:48+08:00 ][ info ] [ BEHAVIOR ] Run Closure @app_init [ RunTime:0.000159s ]
[ info ] [ LOG ] INIT File
[ 2017-12-16T21:55:48+08:00 ][ info ] [ CACHE ] INIT File
[ 2017-12-16T21:55:48+08:00 ][ info ] [ BEHAVIOR ] Run Closure @app_init [ RunTime:0.001456s ]
[ 2017-12-16T21:55:48+08:00 ][ info ] [ DB ] INIT mysql
[ 2017-12-16T21:55:48+08:00 ][ sql ] [ DB ] CONNECT:[ UseTime:0.000239s ] mysql:dbname=fastadmin;host=localhost;charset=utf8
[ 2017-12-16T21:55:48+08:00 ][ sql ] [ SQL ] SHOW TABLE STATUS LIKE 'user_rank' [ RunTime:0.000438s ]
[ 2017-12-16T21:55:48+08:00 ][ sql ] [ SQL ] SHOW TABLE STATUS LIKE 'sy_user_rank' [ RunTime:0.000593s ]
[ 2017-12-16T21:55:48+08:00 ][ sql ] [ SQL ] SELECT * FROM `information_schema`.`columns` WHERE TABLE_SCHEMA = 'fastadmin' AND table_name = 'sy_user_rank' ORDER BY ORDINAL_POSITION [ RunTime:0.000527s ]
